Traceback (most recent call last):
  File "/opt/conda/lib/python3.9/site-packages/jupyter_cache/executors/utils.py", line 58, in single_nb_execution
    executenb(
  File "/opt/conda/lib/python3.9/site-packages/nbclient/client.py", line 1117, in execute
    return NotebookClient(nb=nb, resources=resources, km=km, **kwargs).execute()
  File "/opt/conda/lib/python3.9/site-packages/nbclient/util.py", line 78, in wrapped
    return just_run(coro(*args, **kwargs))
  File "/opt/conda/lib/python3.9/site-packages/nbclient/util.py", line 57, in just_run
    return loop.run_until_complete(coro)
  File "/opt/conda/lib/python3.9/asyncio/base_events.py", line 642, in run_until_complete
    return future.result()
  File "/opt/conda/lib/python3.9/site-packages/nbclient/client.py", line 558, in async_execute
    await self.async_execute_cell(
  File "/opt/conda/lib/python3.9/site-packages/nbclient/client.py", line 862, in async_execute_cell
    self._check_raise_for_error(cell, exec_reply)
  File "/opt/conda/lib/python3.9/site-packages/nbclient/client.py", line 765, in _check_raise_for_error
    raise CellExecutionError.from_cell_and_msg(cell, exec_reply_content)
nbclient.exceptions.CellExecutionError: An error occurred while executing the following cell:
------------------
# channelFuncsSubsetPD.transform(demean,axis='columns') 
# cmap=None   # cmap = None for default. 'vlag' good?
# cmap = 'vlag'

# De-meaned channel functions
channelFuncsDemean = channelFuncsSubsetPD.transform(demean,axis='columns')

# Plot using lmPlot routine - note this requires conversion to Xarray data type first.
daPlot, daPlotpd, legendList, gFig =  ep.lmPlot(channelFuncsDemean.to_xarray().to_array('t')
                                                , xDim='t', cmap=cmap, mDimLabel='m'); 
------------------

[0;31m---------------------------------------------------------------------------[0m
[0;31mNameError[0m                                 Traceback (most recent call last)
[0;32m/tmp/ipykernel_7359/1923297759.py[0m in [0;36m<module>[0;34m[0m
[1;32m      8[0m [0;31m# Plot using lmPlot routine - note this requires conversion to Xarray data type first.[0m[0;34m[0m[0;34m[0m[0m
[1;32m      9[0m daPlot, daPlotpd, legendList, gFig =  ep.lmPlot(channelFuncsDemean.to_xarray().to_array('t')
[0;32m---> 10[0;31m                                                 , xDim='t', cmap=cmap, mDimLabel='m'); 
[0m
[0;31mNameError[0m: name 'cmap' is not defined
NameError: name 'cmap' is not defined

