Traceback (most recent call last):
  File "/opt/conda/lib/python3.10/site-packages/jupyter_cache/executors/utils.py", line 58, in single_nb_execution
    executenb(
  File "/opt/conda/lib/python3.10/site-packages/nbclient/client.py", line 1305, in execute
    return NotebookClient(nb=nb, resources=resources, km=km, **kwargs).execute()
  File "/opt/conda/lib/python3.10/site-packages/jupyter_core/utils/__init__.py", line 166, in wrapped
    return loop.run_until_complete(inner)
  File "/opt/conda/lib/python3.10/asyncio/base_events.py", line 649, in run_until_complete
    return future.result()
  File "/opt/conda/lib/python3.10/site-packages/nbclient/client.py", line 705, in async_execute
    await self.async_execute_cell(
  File "/opt/conda/lib/python3.10/site-packages/nbclient/client.py", line 1058, in async_execute_cell
    await self._check_raise_for_error(cell, cell_index, exec_reply)
  File "/opt/conda/lib/python3.10/site-packages/nbclient/client.py", line 914, in _check_raise_for_error
    raise CellExecutionError.from_cell_and_msg(cell, exec_reply_content)
nbclient.exceptions.CellExecutionError: An error occurred while executing the following cell:
------------------
# Glue figure for later - real part only in this case
# Also clean up axis labels from default state labels ('LM' and 'LM_p' in this case).
glue("denMatD2hRealOnly", daPlot.select(pType='Real').opts(xlabel='L,M', ylabel="L',M'"))
------------------

----- stderr -----
WARNING:param.HeatMapPlot03487: Due to internal constraints, when aspect and width/height is set, the bokeh backend uses those values as frame_width/frame_height instead. This ensures the aspect is respected, but means that the plot might be slightly larger than anticipated. Set the frame_width/frame_height explicitly to suppress this warning.
------------------

[0;31m---------------------------------------------------------------------------[0m
[0;31mRuntimeError[0m                              Traceback (most recent call last)
Cell [0;32mIn[7], line 3[0m
[1;32m      1[0m [38;5;66;03m# Glue figure for later - real part only in this case[39;00m
[1;32m      2[0m [38;5;66;03m# Also clean up axis labels from default state labels ('LM' and 'LM_p' in this case).[39;00m
[0;32m----> 3[0m [43mglue[49m[43m([49m[38;5;124;43m"[39;49m[38;5;124;43mdenMatD2hRealOnly[39;49m[38;5;124;43m"[39;49m[43m,[49m[43m [49m[43mdaPlot[49m[38;5;241;43m.[39;49m[43mselect[49m[43m([49m[43mpType[49m[38;5;241;43m=[39;49m[38;5;124;43m'[39;49m[38;5;124;43mReal[39;49m[38;5;124;43m'[39;49m[43m)[49m[38;5;241;43m.[39;49m[43mopts[49m[43m([49m[43mxlabel[49m[38;5;241;43m=[39;49m[38;5;124;43m'[39;49m[38;5;124;43mL,M[39;49m[38;5;124;43m'[39;49m[43m,[49m[43m [49m[43mylabel[49m[38;5;241;43m=[39;49m[38;5;124;43m"[39;49m[38;5;124;43mL[39;49m[38;5;124;43m'[39;49m[38;5;124;43m,M[39;49m[38;5;124;43m'[39;49m[38;5;124;43m"[39;49m[43m)[49m[43m)[49m

File [0;32m~/jake-home/buildTmp/_latest_build/pdf/doc-source/scripts/setup_notebook.py:183[0m, in [0;36mglueDecorator.<locals>.glueWrapper[0;34m(name, fig, **kwargs)[0m
[1;32m    177[0m [38;5;66;03m# Holoviews object[39;00m
[1;32m    178[0m [38;5;66;03m# NOTE this may give unexpected results in some cases for Holomaps - may want to force flatten?[39;00m
[1;32m    179[0m [38;5;66;03m# Note for Bokeh backend may need additional pkgs, selenium, firefox and geckodriver[39;00m
[1;32m    180[0m [38;5;66;03m# See https://holoviews.org/user_guide/Plots_and_Renderers.html#saving-and-rendering[39;00m
[1;32m    181[0m [38;5;28;01mif[39;00m [38;5;124m'[39m[38;5;124mholoviews[39m[38;5;124m'[39m [38;5;129;01min[39;00m [38;5;28mstr[39m([38;5;28mtype[39m(fig)):
[1;32m    182[0m     [38;5;66;03m# Force render and glue[39;00m
[0;32m--> 183[0m     [43mhv[49m[38;5;241;43m.[39;49m[43msave[49m[43m([49m[43mfig[49m[43m,[49m[43m [49m[43mimgFile[49m[43m,[49m[43m [49m[43mfmt[49m[38;5;241;43m=[39;49m[43mimgFormat[49m[43m)[49m
[1;32m    185[0m     [38;5;66;03m# Glue static render[39;00m
[1;32m    186[0m     [38;5;28;01mreturn[39;00m func(name, Image(imgFile), display[38;5;241m=[39mdisplayFig)

File [0;32m/opt/conda/lib/python3.10/site-packages/holoviews/util/__init__.py:808[0m, in [0;36msave[0;34m(obj, filename, fmt, backend, resources, toolbar, title, **kwargs)[0m
[1;32m    806[0m     [38;5;28;01mif[39;00m formats[[38;5;241m-[39m[38;5;241m1[39m] [38;5;129;01min[39;00m supported:
[1;32m    807[0m         filename [38;5;241m=[39m [38;5;124m'[39m[38;5;124m.[39m[38;5;124m'[39m[38;5;241m.[39mjoin(formats[:[38;5;241m-[39m[38;5;241m1[39m])
[0;32m--> 808[0m [38;5;28;01mreturn[39;00m [43mrenderer_obj[49m[38;5;241;43m.[39;49m[43msave[49m[43m([49m[43mobj[49m[43m,[49m[43m [49m[43mfilename[49m[43m,[49m[43m [49m[43mfmt[49m[38;5;241;43m=[39;49m[43mfmt[49m[43m,[49m[43m [49m[43mresources[49m[38;5;241;43m=[39;49m[43mresources[49m[43m,[49m
[1;32m    809[0m [43m                         [49m[43mtitle[49m[38;5;241;43m=[39;49m[43mtitle[49m[43m)[49m

File [0;32m/opt/conda/lib/python3.10/site-packages/holoviews/plotting/renderer.py:597[0m, in [0;36mRenderer.save[0;34m(self_or_cls, obj, basename, fmt, key, info, options, resources, title, **kwargs)[0m
[1;32m    594[0m     plot[38;5;241m.[39mlayout[38;5;241m.[39msave(basename, embed[38;5;241m=[39m[38;5;28;01mTrue[39;00m, resources[38;5;241m=[39mresources, title[38;5;241m=[39mtitle)
[1;32m    595[0m     [38;5;28;01mreturn[39;00m
[0;32m--> 597[0m rendered [38;5;241m=[39m [43mself_or_cls[49m[43m([49m[43mplot[49m[43m,[49m[43m [49m[43mfmt[49m[43m)[49m
[1;32m    598[0m [38;5;28;01mif[39;00m rendered [38;5;129;01mis[39;00m [38;5;28;01mNone[39;00m: [38;5;28;01mreturn[39;00m
[1;32m    599[0m (data, info) [38;5;241m=[39m rendered

File [0;32m/opt/conda/lib/python3.10/site-packages/holoviews/plotting/renderer.py:200[0m, in [0;36mRenderer.__call__[0;34m(self, obj, fmt, **kwargs)[0m
[1;32m    198[0m     [38;5;28;01mreturn[39;00m [38;5;28mself[39m[38;5;241m.[39mstatic_html(plot), info
[1;32m    199[0m [38;5;28;01melse[39;00m:
[0;32m--> 200[0m     data [38;5;241m=[39m [38;5;28;43mself[39;49m[38;5;241;43m.[39;49m[43m_figure_data[49m[43m([49m[43mplot[49m[43m,[49m[43m [49m[43mfmt[49m[43m,[49m[43m [49m[38;5;241;43m*[39;49m[38;5;241;43m*[39;49m[43mkwargs[49m[43m)[49m
[1;32m    201[0m     data [38;5;241m=[39m [38;5;28mself[39m[38;5;241m.[39m_apply_post_render_hooks(data, obj, fmt)
[1;32m    202[0m     [38;5;28;01mreturn[39;00m data, info

File [0;32m/opt/conda/lib/python3.10/site-packages/holoviews/plotting/bokeh/renderer.py:127[0m, in [0;36mBokehRenderer._figure_data[0;34m(self, plot, fmt, doc, as_script, **kwargs)[0m
[1;32m    125[0m [38;5;28;01melif[39;00m fmt [38;5;241m==[39m [38;5;124m'[39m[38;5;124mpng[39m[38;5;124m'[39m:
[1;32m    126[0m     [38;5;28;01mfrom[39;00m [38;5;21;01mbokeh[39;00m[38;5;21;01m.[39;00m[38;5;21;01mio[39;00m[38;5;21;01m.[39;00m[38;5;21;01mexport[39;00m [38;5;28;01mimport[39;00m get_screenshot_as_png
[0;32m--> 127[0m     img [38;5;241m=[39m [43mget_screenshot_as_png[49m[43m([49m[43mplot[49m[38;5;241;43m.[39;49m[43mstate[49m[43m,[49m[43m [49m[43mdriver[49m[38;5;241;43m=[39;49m[43mstate[49m[38;5;241;43m.[39;49m[43mwebdriver[49m[43m)[49m
[1;32m    128[0m     imgByteArr [38;5;241m=[39m BytesIO()
[1;32m    129[0m     img[38;5;241m.[39msave(imgByteArr, [38;5;28mformat[39m[38;5;241m=[39m[38;5;124m'[39m[38;5;124mPNG[39m[38;5;124m'[39m)

File [0;32m/opt/conda/lib/python3.10/site-packages/bokeh/io/export.py:254[0m, in [0;36mget_screenshot_as_png[0;34m(obj, driver, timeout, resources, width, height, state)[0m
[1;32m    251[0m [38;5;28;01mwith[39;00m [38;5;28mopen[39m(tmp[38;5;241m.[39mpath, mode[38;5;241m=[39m[38;5;124m"[39m[38;5;124mw[39m[38;5;124m"[39m, encoding[38;5;241m=[39m[38;5;124m"[39m[38;5;124mutf-8[39m[38;5;124m"[39m) [38;5;28;01mas[39;00m file:
[1;32m    252[0m     file[38;5;241m.[39mwrite(html)
[0;32m--> 254[0m web_driver [38;5;241m=[39m driver [38;5;28;01mif[39;00m driver [38;5;129;01mis[39;00m [38;5;129;01mnot[39;00m [38;5;28;01mNone[39;00m [38;5;28;01melse[39;00m [43mwebdriver_control[49m[38;5;241;43m.[39;49m[43mget[49m[43m([49m[43m)[49m
[1;32m    255[0m web_driver[38;5;241m.[39mmaximize_window()
[1;32m    256[0m web_driver[38;5;241m.[39mget([38;5;124mf[39m[38;5;124m"[39m[38;5;124mfile://[39m[38;5;132;01m{[39;00mtmp[38;5;241m.[39mpath[38;5;132;01m}[39;00m[38;5;124m"[39m)

File [0;32m/opt/conda/lib/python3.10/site-packages/bokeh/io/webdriver.py:138[0m, in [0;36m_WebdriverState.get[0;34m(self)[0m
[1;32m    136[0m [38;5;28;01mif[39;00m [38;5;129;01mnot[39;00m [38;5;28mself[39m[38;5;241m.[39mreuse [38;5;129;01mor[39;00m [38;5;28mself[39m[38;5;241m.[39mcurrent [38;5;129;01mis[39;00m [38;5;28;01mNone[39;00m:
[1;32m    137[0m     [38;5;28mself[39m[38;5;241m.[39mreset()
[0;32m--> 138[0m     [38;5;28mself[39m[38;5;241m.[39mcurrent [38;5;241m=[39m [38;5;28;43mself[39;49m[38;5;241;43m.[39;49m[43mcreate[49m[43m([49m[43m)[49m
[1;32m    139[0m [38;5;28;01mreturn[39;00m [38;5;28mself[39m[38;5;241m.[39mcurrent

File [0;32m/opt/conda/lib/python3.10/site-packages/bokeh/io/webdriver.py:142[0m, in [0;36m_WebdriverState.create[0;34m(self, kind)[0m
[1;32m    141[0m [38;5;28;01mdef[39;00m [38;5;21mcreate[39m([38;5;28mself[39m, kind: DriverKind [38;5;241m|[39m [38;5;28;01mNone[39;00m [38;5;241m=[39m [38;5;28;01mNone[39;00m) [38;5;241m-[39m[38;5;241m>[39m WebDriver:
[0;32m--> 142[0m     driver [38;5;241m=[39m [38;5;28;43mself[39;49m[38;5;241;43m.[39;49m[43m_create[49m[43m([49m[43mkind[49m[43m)[49m
[1;32m    143[0m     [38;5;28mself[39m[38;5;241m.[39m_drivers[38;5;241m.[39madd(driver)
[1;32m    144[0m     [38;5;28;01mreturn[39;00m driver

File [0;32m/opt/conda/lib/python3.10/site-packages/bokeh/io/webdriver.py:160[0m, in [0;36m_WebdriverState._create[0;34m(self, kind)[0m
[1;32m    157[0m         [38;5;28mself[39m[38;5;241m.[39mkind [38;5;241m=[39m [38;5;124m"[39m[38;5;124mfirefox[39m[38;5;124m"[39m
[1;32m    158[0m         [38;5;28;01mreturn[39;00m driver
[0;32m--> 160[0m     [38;5;28;01mraise[39;00m [38;5;167;01mRuntimeError[39;00m([38;5;124m"[39m[38;5;124mNeither firefox and geckodriver nor a variant of chromium browser and [39m[38;5;124m"[39m \
[1;32m    161[0m                        [38;5;124m"[39m[38;5;124mchromedriver are available on system PATH. You can install the former [39m[38;5;124m"[39m \
[1;32m    162[0m                        [38;5;124m"[39m[38;5;124mwith [39m[38;5;124m'[39m[38;5;124mconda install -c conda-forge firefox geckodriver[39m[38;5;124m'[39m[38;5;124m.[39m[38;5;124m"[39m)
[1;32m    163[0m [38;5;28;01melif[39;00m driver_kind [38;5;241m==[39m [38;5;124m"[39m[38;5;124mchromium[39m[38;5;124m"[39m:
[1;32m    164[0m     [38;5;28;01mreturn[39;00m create_chromium_webdriver()

[0;31mRuntimeError[0m: Neither firefox and geckodriver nor a variant of chromium browser and chromedriver are available on system PATH. You can install the former with 'conda install -c conda-forge firefox geckodriver'.

