Traceback (most recent call last):
  File "/opt/hostedtoolcache/Python/3.8.14/x64/lib/python3.8/site-packages/jupyter_cache/executors/utils.py", line 51, in single_nb_execution
    executenb(
  File "/opt/hostedtoolcache/Python/3.8.14/x64/lib/python3.8/site-packages/nbclient/client.py", line 1204, in execute
    return NotebookClient(nb=nb, resources=resources, km=km, **kwargs).execute()
  File "/opt/hostedtoolcache/Python/3.8.14/x64/lib/python3.8/site-packages/nbclient/util.py", line 84, in wrapped
    return just_run(coro(*args, **kwargs))
  File "/opt/hostedtoolcache/Python/3.8.14/x64/lib/python3.8/site-packages/nbclient/util.py", line 62, in just_run
    return loop.run_until_complete(coro)
  File "/opt/hostedtoolcache/Python/3.8.14/x64/lib/python3.8/asyncio/base_events.py", line 616, in run_until_complete
    return future.result()
  File "/opt/hostedtoolcache/Python/3.8.14/x64/lib/python3.8/site-packages/nbclient/client.py", line 663, in async_execute
    await self.async_execute_cell(
  File "/opt/hostedtoolcache/Python/3.8.14/x64/lib/python3.8/site-packages/nbclient/client.py", line 965, in async_execute_cell
    await self._check_raise_for_error(cell, cell_index, exec_reply)
  File "/opt/hostedtoolcache/Python/3.8.14/x64/lib/python3.8/site-packages/nbclient/client.py", line 862, in _check_raise_for_error
    raise CellExecutionError.from_cell_and_msg(cell, exec_reply_content)
nbclient.exceptions.CellExecutionError: An error occurred while executing the following cell:
------------------
# Plot some distributions from specified BLMs

# Set specific LM coeffs by list with setBLMs, items are [l,m,value]
from epsproc.sphCalc import setBLMs

# BLM = setBLMs([[0,0,1],[1,1,1],[2,2,1]])
# BLM = setBLMs([[0,0,1,1,1],[1,1,1,0.5,0.2],[2,2,1,1,0.2]])   # Note different index
BLM = setBLMs([[0,0,1,1,1,1],[1,1,0,0.5,0.8,1],[2,0,1,0.5,0,0],
               [4,2,0,0,0,0.5],[4,-2,0,0,0,0.5]])

# Set the backend to 'pl' for an interactive surface plot with Plotly
# NOTE PL FIG RETURN BROKEN FOR THIS CASE (ePSproc v1.3.1), so run sphSumPlotX too.
dataPlot, figObj = ep.sphFromBLMPlot(BLM, facetDim='t', plotFlag = False, backend = plotBackend);
figObj = ep.sphSumPlotX(dataPlot,facetDim='t', plotFlag = False, backend = plotBackend);

# And GLUE for display later with caption
# from myst_nb import glue
# glue("padExamplePlot", figObj[0], display=False);
# Glue with Plotly wrapper.
# gluePlotly("padExamplePlot", figObj[0])   # Working in Render test notebook, but not here? Issue with subplots?

# Test in separate cell...
gluePlotly("padExamplePlot", figObj[0])   # Working in Render test notebook, but not here? Issue with subplots?
------------------

[0;31m---------------------------------------------------------------------------[0m
[0;31mModuleNotFoundError[0m                       Traceback (most recent call last)
Cell [0;32mIn [2], line 4[0m
[1;32m      1[0m [38;5;66;03m# Plot some distributions from specified BLMs[39;00m
[1;32m      2[0m 
[1;32m      3[0m [38;5;66;03m# Set specific LM coeffs by list with setBLMs, items are [l,m,value][39;00m
[0;32m----> 4[0m [38;5;28;01mfrom[39;00m [38;5;21;01mepsproc[39;00m[38;5;21;01m.[39;00m[38;5;21;01msphCalc[39;00m [38;5;28;01mimport[39;00m setBLMs
[1;32m      6[0m [38;5;66;03m# BLM = setBLMs([[0,0,1],[1,1,1],[2,2,1]])[39;00m
[1;32m      7[0m [38;5;66;03m# BLM = setBLMs([[0,0,1,1,1],[1,1,1,0.5,0.2],[2,2,1,1,0.2]])   # Note different index[39;00m
[1;32m      8[0m BLM [38;5;241m=[39m setBLMs([[[38;5;241m0[39m,[38;5;241m0[39m,[38;5;241m1[39m,[38;5;241m1[39m,[38;5;241m1[39m,[38;5;241m1[39m],[[38;5;241m1[39m,[38;5;241m1[39m,[38;5;241m0[39m,[38;5;241m0.5[39m,[38;5;241m0.8[39m,[38;5;241m1[39m],[[38;5;241m2[39m,[38;5;241m0[39m,[38;5;241m1[39m,[38;5;241m0.5[39m,[38;5;241m0[39m,[38;5;241m0[39m],
[1;32m      9[0m                [[38;5;241m4[39m,[38;5;241m2[39m,[38;5;241m0[39m,[38;5;241m0[39m,[38;5;241m0[39m,[38;5;241m0.5[39m],[[38;5;241m4[39m,[38;5;241m-[39m[38;5;241m2[39m,[38;5;241m0[39m,[38;5;241m0[39m,[38;5;241m0[39m,[38;5;241m0.5[39m]])

[0;31mModuleNotFoundError[0m: No module named 'epsproc'
ModuleNotFoundError: No module named 'epsproc'

