\BOOKMARK [-1][-]{part.1}{I\040Frontmatter}{}% 1
\BOOKMARK [0][-]{chapter.1}{Overview}{part.1}% 2
\BOOKMARK [1][-]{section.1.1}{General\040overview}{chapter.1}% 3
\BOOKMARK [1][-]{section.1.2}{Provisional\040contents}{chapter.1}% 4
\BOOKMARK [2][-]{subsection.1.2.1}{Part\0401:\040theory\040&\040software}{section.1.2}% 5
\BOOKMARK [2][-]{subsection.1.2.2}{Part\0402:\040numerical\040examples}{section.1.2}% 6
\BOOKMARK [-1][-]{part.2}{II\040Theory\040&\040software}{}% 7
\BOOKMARK [0][-]{chapter.2}{Introduction}{part.2}% 8
\BOOKMARK [1][-]{section.2.1}{Topical\040introduction:\040from\040quantum\040metrology\040to\040a\040generalised\040bootstrapping\040protocol}{chapter.2}% 9
\BOOKMARK [1][-]{section.2.2}{Context\040&\040aims\040for\040Vol.\0403}{chapter.2}% 10
\BOOKMARK [2][-]{subsection.2.2.1}{Scientific\040aims}{section.2.2}% 11
\BOOKMARK [2][-]{subsection.2.2.2}{Technical\040context\040and\040notes}{section.2.2}% 12
\BOOKMARK [2][-]{subsection.2.2.3}{Open\040science,\040open\040source\040software\040and\040reproducibility}{section.2.2}% 13
\BOOKMARK [0][-]{chapter.3}{Quantum\040metrology\040software\040platform/ecosystem\040overview}{part.2}% 14
\BOOKMARK [1][-]{section.3.1}{Analysis\040components}{chapter.3}% 15
\BOOKMARK [1][-]{section.3.2}{Additional\040tools}{chapter.3}% 16
\BOOKMARK [1][-]{section.3.3}{Python\040ecosystem\040\(backends,\040libraries\040and\040packages\)}{chapter.3}% 17
\BOOKMARK [1][-]{section.3.4}{Docker\040deployments}{chapter.3}% 18
\BOOKMARK [1][-]{section.3.5}{General\040discussion}{chapter.3}% 19
\BOOKMARK [0][-]{chapter.4}{Theory}{part.2}% 20
\BOOKMARK [1][-]{section.4.1}{Observables:\040photoelectron\040flux\040in\040the\040LF\040and\040MF}{chapter.4}% 21
\BOOKMARK [2][-]{subsection.4.1.1}{Spherical\040harmonics}{section.4.1}% 22
\BOOKMARK [2][-]{subsection.4.1.2}{Symmetrized\040harmonics}{section.4.1}% 23
\BOOKMARK [2][-]{subsection.4.1.3}{Real\040harmonics}{section.4.1}% 24
\BOOKMARK [2][-]{subsection.4.1.4}{Legendre\040polynomials}{section.4.1}% 25
\BOOKMARK [1][-]{section.4.2}{Photoionization\040dynamics}{chapter.4}% 26
\BOOKMARK [1][-]{section.4.3}{Tensor\040formulation\040of\040photoionization}{chapter.4}% 27
\BOOKMARK [2][-]{subsection.4.3.1}{Channel\040functions}{section.4.3}% 28
\BOOKMARK [2][-]{subsection.4.3.2}{Full\040tensor\040expansion}{section.4.3}% 29
\BOOKMARK [2][-]{subsection.4.3.3}{Numerical\040aside:\040symmetry-defined\040channel\040functions}{section.4.3}% 30
\BOOKMARK [2][-]{subsection.4.3.4}{Matrix\040element\040geometric\040coupling\040term\040BL,M}{section.4.3}% 31
\BOOKMARK [2][-]{subsection.4.3.5}{Electric field geometric coupling term EP,R\(e;µ0\)}{section.4.3}% 32
\BOOKMARK [2][-]{subsection.4.3.6}{Molecular frame projection term Λ}{section.4.3}% 33
\BOOKMARK [2][-]{subsection.4.3.7}{Alignment tensor ΔL,M\(K,Q,S\)}{section.4.3}% 34
\BOOKMARK [3][-]{subsubsection*.3}{Basic\040cases}{subsection.4.3.7}% 35
\BOOKMARK [3][-]{subsubsection*.4}{3D\040alignments\040and\040symmetry\040breaking}{subsection.4.3.7}% 36
\BOOKMARK [2][-]{subsection.4.3.8}{Tensor\040product\040terms}{section.4.3}% 37
\BOOKMARK [2][-]{subsection.4.3.9}{Density\040matrix\040representation}{section.4.3}% 38
\BOOKMARK [1][-]{section.4.4}{Information\040content}{chapter.4}% 39
\BOOKMARK [0][-]{chapter.5}{Numerical\040implementation}{part.2}% 40
\BOOKMARK [-1][-]{part.3}{III\040Backmatter}{}% 41
\BOOKMARK [0][-]{chapter.6}{Bibliography}{part.3}% 42
\BOOKMARK [0][-]{chapter.7}{Glossary}{part.3}% 43
\BOOKMARK [-1][-]{part.4}{IV\040Test\040pages}{}% 44
\BOOKMARK [0][-]{chapter.8}{Build\040versions\040and\040config\040tests}{part.4}% 45
\BOOKMARK [1][-]{section.8.1}{Versions}{chapter.8}% 46
\BOOKMARK [1][-]{section.8.2}{Docker\040build\040env}{chapter.8}% 47
\BOOKMARK [1][-]{section.8.3}{Book\040versions}{chapter.8}% 48
\BOOKMARK [1][-]{section.8.4}{Github\040pkg\040versions}{chapter.8}% 49
\BOOKMARK [1][-]{section.8.5}{Full\040conda\040env}{chapter.8}% 50
\BOOKMARK [0][-]{chapter*.13}{Bibliography}{part.4}% 51
\BOOKMARK [0][-]{section*.14}{Index}{part.4}% 52
