\BOOKMARK [-1][-]{part.1}{I\040Frontmatter}{}% 1
\BOOKMARK [0][-]{chapter.1}{Overview}{part.1}% 2
\BOOKMARK [1][-]{section.1.1}{General\040overview}{chapter.1}% 3
\BOOKMARK [1][-]{section.1.2}{Provisional\040contents}{chapter.1}% 4
\BOOKMARK [2][-]{subsection.1.2.1}{Part\0401:\040theory\040&\040software}{section.1.2}% 5
\BOOKMARK [2][-]{subsection.1.2.2}{Part\0402:\040numerical\040examples}{section.1.2}% 6
\BOOKMARK [-1][-]{part.2}{II\040Theory\040&\040software}{}% 7
\BOOKMARK [0][-]{chapter.2}{Introduction}{part.2}% 8
\BOOKMARK [1][-]{section.2.1}{Topical\040introduction}{chapter.2}% 9
\BOOKMARK [1][-]{section.2.2}{Context\040&\040aims\040for\040Vol.\0403}{chapter.2}% 10
\BOOKMARK [0][-]{chapter.3}{Quantum\040metrology\040software\040platform/ecosystem\040overview}{part.2}% 11
\BOOKMARK [1][-]{section.3.1}{Analysis\040components}{chapter.3}% 12
\BOOKMARK [-1][-]{part.3}{III\040Test\040pages}{}% 13
\BOOKMARK [0][-]{chapter.4}{Formatting\040tests}{part.3}% 14
\BOOKMARK [1][-]{section.4.1}{Links\040and\040refs}{chapter.4}% 15
\BOOKMARK [2][-]{subsection.4.1.1}{Substitution\040tests}{section.4.1}% 16
\BOOKMARK [1][-]{section.4.2}{Fig\040testing\040\(from\040file\)}{chapter.4}% 17
\BOOKMARK [1][-]{section.4.3}{Fig\040testing\040\(from\040URL\)}{chapter.4}% 18
\BOOKMARK [1][-]{section.4.4}{Testing raw latex…}{chapter.4}% 19
\BOOKMARK [1][-]{section.4.5}{Include}{chapter.4}% 20
\BOOKMARK [0][-]{chapter.5}{Plotly\040surface\040render\040test}{part.3}% 21
\BOOKMARK [1][-]{section.5.1}{Plotly\040example}{chapter.5}% 22
\BOOKMARK [1][-]{section.5.2}{Holoviews\0403D\040surface\040test}{chapter.5}% 23
\BOOKMARK [2][-]{subsection.5.2.1}{Define\040data}{section.5.2}% 24
\BOOKMARK [2][-]{subsection.5.2.2}{Plot}{section.5.2}% 25
\BOOKMARK [2][-]{subsection.5.2.3}{Plotting\040with\040coords}{section.5.2}% 26
\BOOKMARK [1][-]{section.5.3}{Versions}{chapter.5}% 27
\BOOKMARK [0][-]{chapter.6}{ePSproc\040base\040and\040multijob\040class\040intro}{part.3}% 28
\BOOKMARK [1][-]{section.6.1}{Setup}{chapter.6}% 29
\BOOKMARK [1][-]{section.6.2}{ePSbase\040class}{chapter.6}% 30
\BOOKMARK [2][-]{subsection.6.2.1}{Load\040data}{section.6.2}% 31
\BOOKMARK [2][-]{subsection.6.2.2}{Basic\040info\040&\040plots}{section.6.2}% 32
\BOOKMARK [2][-]{subsection.6.2.3}{Plot\040cross-sections\040and\040betas}{section.6.2}% 33
\BOOKMARK [2][-]{subsection.6.2.4}{Compute\040MFPADs}{section.6.2}% 34
\BOOKMARK [2][-]{subsection.6.2.5}{Compute βLM parameters}{section.6.2}% 35
\BOOKMARK [3][-]{subsubsection*.3}{Compute MF βLM and PADs}{subsection.6.2.5}% 36
\BOOKMARK [3][-]{subsubsection*.4}{Compute LF/AF βLM and PADs}{subsection.6.2.5}% 37
\BOOKMARK [1][-]{section.6.3}{Additions}{chapter.6}% 38
\BOOKMARK [2][-]{subsection.6.3.1}{Plot\040styles\040for\040line-plots}{section.6.3}% 39
\BOOKMARK [2][-]{subsection.6.3.2}{Matrix\040element\040plotting}{section.6.3}% 40
\BOOKMARK [1][-]{section.6.4}{Versions}{chapter.6}% 41
\BOOKMARK [0][-]{chapter.7}{ePSproc\040Matlab\040demo}{part.3}% 42
\BOOKMARK [1][-]{section.7.1}{Setup}{chapter.7}% 43
\BOOKMARK [1][-]{section.7.2}{Plot\040cross-sections\040and\040betas}{chapter.7}% 44
\BOOKMARK [1][-]{section.7.3}{MFPADs}{chapter.7}% 45
\BOOKMARK [1][-]{section.7.4}{MF βLM}{chapter.7}% 46
